<?xml version="1.0" encoding="UTF-8"?>
<!-- Generated by org.testng.reporters.JUnitXMLReporter -->
<testsuite ignored="0" hostname="DESKTOP-8GAKHLN" failures="0" tests="4" name="Default test" time="42.196" errors="0" timestamp="2021-06-13T20:46:47 EDT">
  <testcase classname="tests.LoginTest" name="loginWithEmptyEmailTest" time="2.394"/>
  <testcase classname="tests.LoginTest" name="loginWithEmptyPasswordTest" time="2.439"/>
  <testcase classname="tests.LoginTest" name="loginWithInvalidEmailTest" time="2.475"/>
  <testcase classname="tests.LoginTest" name="loginWithwrongEmailPasswordTest" time="2.499"/>
</testsuite> <!-- Default test -->
