<?xml version="1.0" encoding="UTF-8"?>
<!-- Generated by org.testng.reporters.JUnitXMLReporter -->
<testsuite ignored="0" hostname="DESKTOP-8GAKHLN" failures="0" tests="4" name="Test" time="24.422" errors="0" timestamp="2021-07-03T22:06:44 EDT">
  <testcase classname="tests.LoginTest" name="loginWithEmptyEmailTest" time="2.334"/>
  <testcase classname="tests.LoginTest" name="loginWithEmptyPasswordTest" time="2.443"/>
  <testcase classname="tests.LoginTest" name="loginWithInvalidEmailTest" time="2.518"/>
  <testcase classname="tests.LoginTest" name="loginWithwrongEmailPasswordTest" time="2.502"/>
</testsuite> <!-- Test -->
